<?xml version="1.0" encoding="UTF-8"?>
<coverage generated="1747867449681" clover="3.2.0">
  <project timestamp="1747867449681" name="All files">
    <metrics statements="53" coveredstatements="41" conditionals="5" coveredconditionals="5" methods="21" coveredmethods="8" elements="79" coveredelements="54" complexity="0" loc="53" ncloc="53" packages="5" files="8" classes="8"/>
    <package name="data">
      <metrics statements="5" coveredstatements="5" conditionals="0" coveredconditionals="0" methods="1" coveredmethods="1"/>
      <file name="CadastrarProduto.ts" path="C:\Users\User\Downloads\TrabalhoDesingPatters\src\data\CadastrarProduto.ts">
        <metrics statements="5" coveredstatements="5" conditionals="0" coveredconditionals="0" methods="1" coveredmethods="1"/>
        <line num="1" count="1" type="stmt"/>
        <line num="3" count="1" type="stmt"/>
        <line num="5" count="1" type="stmt"/>
        <line num="11" count="1" type="stmt"/>
        <line num="12" count="3" type="stmt"/>
      </file>
    </package>
    <package name="domain.entities">
      <metrics statements="23" coveredstatements="16" conditionals="1" coveredconditionals="1" methods="14" coveredmethods="6"/>
      <file name="Estabelecimento.ts" path="C:\Users\User\Downloads\TrabalhoDesingPatters\src\domain\entities\Estabelecimento.ts">
        <metrics statements="15" coveredstatements="9" conditionals="0" coveredconditionals="0" methods="10" coveredmethods="3"/>
        <line num="2" count="1" type="stmt"/>
        <line num="8" count="1" type="stmt"/>
        <line num="9" count="3" type="stmt"/>
        <line num="13" count="3" type="stmt"/>
        <line num="14" count="3" type="stmt"/>
        <line num="16" count="3" type="stmt"/>
        <line num="20" count="0" type="stmt"/>
        <line num="24" count="0" type="stmt"/>
        <line num="30" count="0" type="stmt"/>
        <line num="34" count="0" type="stmt"/>
        <line num="38" count="0" type="stmt"/>
        <line num="42" count="0" type="stmt"/>
        <line num="46" count="2" type="stmt"/>
        <line num="50" count="1" type="stmt"/>
        <line num="54" count="1" type="stmt"/>
      </file>
      <file name="Produto.ts" path="C:\Users\User\Downloads\TrabalhoDesingPatters\src\domain\entities\Produto.ts">
        <metrics statements="8" coveredstatements="7" conditionals="1" coveredconditionals="1" methods="4" coveredmethods="3"/>
        <line num="6" count="1" type="stmt"/>
        <line num="8" count="5" type="stmt"/>
        <line num="9" count="5" type="stmt"/>
        <line num="11" count="5" type="cond" truecount="1" falsecount="0"/>
        <line num="12" count="1" type="stmt"/>
        <line num="17" count="0" type="stmt"/>
        <line num="21" count="1" type="stmt"/>
        <line num="25" count="4" type="stmt"/>
      </file>
    </package>
    <package name="domain.state">
      <metrics statements="4" coveredstatements="2" conditionals="0" coveredconditionals="0" methods="2" coveredmethods="0"/>
      <file name="EstadoEstabelecimento.ts" path="C:\Users\User\Downloads\TrabalhoDesingPatters\src\domain\state\EstadoEstabelecimento.ts">
        <metrics statements="4" coveredstatements="2" conditionals="0" coveredconditionals="0" methods="2" coveredmethods="0"/>
        <line num="11" count="1" type="stmt"/>
        <line num="13" count="0" type="stmt"/>
        <line num="20" count="1" type="stmt"/>
        <line num="22" count="0" type="stmt"/>
      </file>
    </package>
    <package name="estabelecimentos">
      <metrics statements="12" coveredstatements="9" conditionals="0" coveredconditionals="0" methods="3" coveredmethods="0"/>
      <file name="Hamburgueria.ts" path="C:\Users\User\Downloads\TrabalhoDesingPatters\src\estabelecimentos\Hamburgueria.ts">
        <metrics statements="4" coveredstatements="3" conditionals="0" coveredconditionals="0" methods="1" coveredmethods="0"/>
        <line num="1" count="1" type="stmt"/>
        <line num="6" count="1" type="stmt"/>
        <line num="8" count="0" type="stmt"/>
        <line num="12" count="1" type="stmt"/>
      </file>
      <file name="Pizzaria.ts" path="C:\Users\User\Downloads\TrabalhoDesingPatters\src\estabelecimentos\Pizzaria.ts">
        <metrics statements="4" coveredstatements="3" conditionals="0" coveredconditionals="0" methods="1" coveredmethods="0"/>
        <line num="1" count="1" type="stmt"/>
        <line num="6" count="1" type="stmt"/>
        <line num="8" count="0" type="stmt"/>
        <line num="12" count="1" type="stmt"/>
      </file>
      <file name="Restaurante.ts" path="C:\Users\User\Downloads\TrabalhoDesingPatters\src\estabelecimentos\Restaurante.ts">
        <metrics statements="4" coveredstatements="3" conditionals="0" coveredconditionals="0" methods="1" coveredmethods="0"/>
        <line num="1" count="1" type="stmt"/>
        <line num="6" count="1" type="stmt"/>
        <line num="8" count="0" type="stmt"/>
        <line num="12" count="1" type="stmt"/>
      </file>
    </package>
    <package name="factories">
      <metrics statements="9" coveredstatements="9" conditionals="4" coveredconditionals="4" methods="1" coveredmethods="1"/>
      <file name="EstabelecimentoFactory.ts" path="C:\Users\User\Downloads\TrabalhoDesingPatters\src\factories\EstabelecimentoFactory.ts">
        <metrics statements="9" coveredstatements="9" conditionals="4" coveredconditionals="4" methods="1" coveredmethods="1"/>
        <line num="1" count="1" type="stmt"/>
        <line num="2" count="1" type="stmt"/>
        <line num="3" count="1" type="stmt"/>
        <line num="11" count="1" type="stmt"/>
        <line num="25" count="4" type="cond" truecount="4" falsecount="0"/>
        <line num="27" count="1" type="stmt"/>
        <line num="29" count="1" type="stmt"/>
        <line num="31" count="1" type="stmt"/>
        <line num="33" count="1" type="stmt"/>
      </file>
    </package>
  </project>
</coverage>
