<?xml version="1.0" encoding="UTF-8"?>
<coverage generated="1748041435342" clover="3.2.0">
  <project timestamp="1748041435342" name="All files">
    <metrics statements="118" coveredstatements="96" conditionals="59" coveredconditionals="55" methods="28" coveredmethods="14" elements="205" coveredelements="165" complexity="0" loc="118" ncloc="118" packages="5" files="9" classes="9"/>
    <package name="domain.entities">
      <metrics statements="35" coveredstatements="16" conditionals="4" coveredconditionals="1" methods="18" coveredmethods="6"/>
      <file name="Estabelecimento.ts" path="C:\Users\User\Downloads\TrabalhoDesingPatters\src\domain\entities\Estabelecimento.ts">
        <metrics statements="18" coveredstatements="9" conditionals="0" coveredconditionals="0" methods="10" coveredmethods="3"/>
        <line num="2" count="3" type="stmt"/>
        <line num="8" count="3" type="stmt"/>
        <line num="9" count="23" type="stmt"/>
        <line num="13" count="23" type="stmt"/>
        <line num="14" count="23" type="stmt"/>
        <line num="16" count="23" type="stmt"/>
        <line num="21" count="0" type="stmt"/>
        <line num="22" count="0" type="stmt"/>
        <line num="26" count="0" type="stmt"/>
        <line num="33" count="0" type="stmt"/>
        <line num="34" count="0" type="stmt"/>
        <line num="38" count="0" type="stmt"/>
        <line num="39" count="0" type="stmt"/>
        <line num="43" count="0" type="stmt"/>
        <line num="47" count="0" type="stmt"/>
        <line num="51" count="10" type="stmt"/>
        <line num="55" count="10" type="stmt"/>
        <line num="59" count="3" type="stmt"/>
      </file>
      <file name="Produto.ts" path="C:\Users\User\Downloads\TrabalhoDesingPatters\src\domain\entities\Produto.ts">
        <metrics statements="17" coveredstatements="7" conditionals="4" coveredconditionals="1" methods="8" coveredmethods="3"/>
        <line num="3" count="1" type="stmt"/>
        <line num="9" count="5" type="cond" truecount="1" falsecount="0"/>
        <line num="10" count="1" type="stmt"/>
        <line num="12" count="4" type="stmt"/>
        <line num="13" count="4" type="stmt"/>
        <line num="17" count="1" type="stmt"/>
        <line num="21" count="4" type="stmt"/>
        <line num="25" count="0" type="stmt"/>
        <line num="29" count="0" type="stmt"/>
        <line num="30" count="0" type="stmt"/>
        <line num="34" count="0" type="cond" truecount="0" falsecount="1"/>
        <line num="35" count="0" type="stmt"/>
        <line num="37" count="0" type="stmt"/>
        <line num="38" count="0" type="stmt"/>
        <line num="42" count="0" type="stmt"/>
        <line num="43" count="0" type="stmt"/>
        <line num="47" count="0" type="cond" truecount="0" falsecount="2"/>
      </file>
    </package>
    <package name="domain.state">
      <metrics statements="4" coveredstatements="2" conditionals="0" coveredconditionals="0" methods="2" coveredmethods="0"/>
      <file name="EstadoEstabelecimento.ts" path="C:\Users\User\Downloads\TrabalhoDesingPatters\src\domain\state\EstadoEstabelecimento.ts">
        <metrics statements="4" coveredstatements="2" conditionals="0" coveredconditionals="0" methods="2" coveredmethods="0"/>
        <line num="11" count="3" type="stmt"/>
        <line num="13" count="0" type="stmt"/>
        <line num="20" count="3" type="stmt"/>
        <line num="22" count="0" type="stmt"/>
      </file>
    </package>
    <package name="estabelecimentos">
      <metrics statements="60" coveredstatements="60" conditionals="48" coveredconditionals="48" methods="6" coveredmethods="6"/>
      <file name="Hamburgueria.ts" path="C:\Users\User\Downloads\TrabalhoDesingPatters\src\estabelecimentos\Hamburgueria.ts">
        <metrics statements="20" coveredstatements="20" conditionals="16" coveredconditionals="16" methods="2" coveredmethods="2"/>
        <line num="1" count="3" type="stmt"/>
        <line num="3" count="3" type="stmt"/>
        <line num="5" count="7" type="stmt"/>
        <line num="7" count="7" type="cond" truecount="3" falsecount="0"/>
        <line num="8" count="2" type="stmt"/>
        <line num="11" count="5" type="cond" truecount="3" falsecount="0"/>
        <line num="12" count="1" type="stmt"/>
        <line num="15" count="4" type="stmt"/>
        <line num="16" count="4" type="stmt"/>
        <line num="17" count="4" type="cond" truecount="1" falsecount="0"/>
        <line num="18" count="1" type="stmt"/>
        <line num="21" count="3" type="stmt"/>
        <line num="22" count="3" type="stmt"/>
        <line num="23" count="3" type="stmt"/>
        <line num="24" count="3" type="stmt"/>
        <line num="25" count="3" type="stmt"/>
        <line num="27" count="3" type="cond" truecount="1" falsecount="0"/>
        <line num="33" count="1" type="stmt"/>
        <line num="38" count="1" type="stmt"/>
        <line num="42" count="3" type="stmt"/>
      </file>
      <file name="Pizzaria.ts" path="C:\Users\User\Downloads\TrabalhoDesingPatters\src\estabelecimentos\Pizzaria.ts">
        <metrics statements="20" coveredstatements="20" conditionals="16" coveredconditionals="16" methods="2" coveredmethods="2"/>
        <line num="1" count="3" type="stmt"/>
        <line num="3" count="3" type="stmt"/>
        <line num="5" count="8" type="stmt"/>
        <line num="7" count="8" type="cond" truecount="3" falsecount="0"/>
        <line num="8" count="2" type="stmt"/>
        <line num="11" count="6" type="cond" truecount="3" falsecount="0"/>
        <line num="12" count="1" type="stmt"/>
        <line num="15" count="5" type="stmt"/>
        <line num="16" count="5" type="stmt"/>
        <line num="17" count="5" type="cond" truecount="1" falsecount="0"/>
        <line num="18" count="1" type="stmt"/>
        <line num="21" count="4" type="stmt"/>
        <line num="22" count="4" type="stmt"/>
        <line num="23" count="4" type="stmt"/>
        <line num="24" count="4" type="stmt"/>
        <line num="25" count="4" type="stmt"/>
        <line num="27" count="4" type="cond" truecount="1" falsecount="0"/>
        <line num="33" count="2" type="stmt"/>
        <line num="38" count="1" type="stmt"/>
        <line num="42" count="3" type="stmt"/>
      </file>
      <file name="Restaurante.ts" path="C:\Users\User\Downloads\TrabalhoDesingPatters\src\estabelecimentos\Restaurante.ts">
        <metrics statements="20" coveredstatements="20" conditionals="16" coveredconditionals="16" methods="2" coveredmethods="2"/>
        <line num="1" count="3" type="stmt"/>
        <line num="3" count="3" type="stmt"/>
        <line num="5" count="8" type="stmt"/>
        <line num="7" count="8" type="cond" truecount="3" falsecount="0"/>
        <line num="8" count="2" type="stmt"/>
        <line num="11" count="6" type="cond" truecount="3" falsecount="0"/>
        <line num="12" count="1" type="stmt"/>
        <line num="15" count="5" type="stmt"/>
        <line num="16" count="5" type="stmt"/>
        <line num="17" count="5" type="cond" truecount="1" falsecount="0"/>
        <line num="18" count="1" type="stmt"/>
        <line num="21" count="4" type="stmt"/>
        <line num="22" count="4" type="stmt"/>
        <line num="23" count="4" type="stmt"/>
        <line num="24" count="4" type="stmt"/>
        <line num="25" count="4" type="stmt"/>
        <line num="27" count="4" type="cond" truecount="1" falsecount="0"/>
        <line num="33" count="1" type="stmt"/>
        <line num="38" count="1" type="stmt"/>
        <line num="42" count="3" type="stmt"/>
      </file>
    </package>
    <package name="factories">
      <metrics statements="13" coveredstatements="12" conditionals="7" coveredconditionals="6" methods="1" coveredmethods="1"/>
      <file name="EstabelecimentoFactory.ts" path="C:\Users\User\Downloads\TrabalhoDesingPatters\src\factories\EstabelecimentoFactory.ts">
        <metrics statements="13" coveredstatements="12" conditionals="7" coveredconditionals="6" methods="1" coveredmethods="1"/>
        <line num="1" count="2" type="stmt"/>
        <line num="2" count="2" type="stmt"/>
        <line num="3" count="2" type="stmt"/>
        <line num="8" count="2" type="stmt"/>
        <line num="9" count="2" type="stmt"/>
        <line num="20" count="10" type="cond" truecount="3" falsecount="0"/>
        <line num="21" count="3" type="stmt"/>
        <line num="24" count="7" type="cond" truecount="2" falsecount="1"/>
        <line num="25" count="0" type="stmt"/>
        <line num="28" count="7" type="stmt"/>
        <line num="29" count="7" type="cond" truecount="1" falsecount="0"/>
        <line num="30" count="2" type="stmt"/>
        <line num="32" count="5" type="stmt"/>
      </file>
    </package>
    <package name="utils">
      <metrics statements="6" coveredstatements="6" conditionals="0" coveredconditionals="0" methods="1" coveredmethods="1"/>
      <file name="CadastrarEstabelecimento.ts" path="C:\Users\User\Downloads\TrabalhoDesingPatters\src\utils\CadastrarEstabelecimento.ts">
        <metrics statements="1" coveredstatements="1" conditionals="0" coveredconditionals="0" methods="0" coveredmethods="0"/>
        <line num="9" count="1" type="stmt"/>
      </file>
      <file name="CadastrarProduto.ts" path="C:\Users\User\Downloads\TrabalhoDesingPatters\src\utils\CadastrarProduto.ts">
        <metrics statements="5" coveredstatements="5" conditionals="0" coveredconditionals="0" methods="1" coveredmethods="1"/>
        <line num="1" count="1" type="stmt"/>
        <line num="3" count="1" type="stmt"/>
        <line num="5" count="1" type="stmt"/>
        <line num="11" count="1" type="stmt"/>
        <line num="12" count="3" type="stmt"/>
      </file>
    </package>
  </project>
</coverage>
