{"C:\\Users\\User\\Downloads\\TrabalhoDesingPatters\\src\\domain\\entities\\Estabelecimento.ts": {"path":"C:\\Users\\User\\Downloads\\TrabalhoDesingPatters\\src\\domain\\entities\\Estabelecimento.ts","statementMap":{"0":{"start":{"line":2,"column":0},"end":{"line":2,"column":88}},"1":{"start":{"line":13,"column":14},"end":{"line":13,"column":26}},"2":{"start":{"line":14,"column":14},"end":{"line":14,"column":29}},"3":{"start":{"line":9,"column":12},"end":{"line":9,"column":37}},"4":{"start":{"line":16,"column":4},"end":{"line":16,"column":31}},"5":{"start":{"line":21,"column":4},"end":{"line":21,"column":32}},"6":{"start":{"line":22,"column":4},"end":{"line":22,"column":16}},"7":{"start":{"line":26,"column":4},"end":{"line":26,"column":67}},"8":{"start":{"line":26,"column":40},"end":{"line":26,"column":65}},"9":{"start":{"line":33,"column":4},"end":{"line":33,"column":31}},"10":{"start":{"line":34,"column":4},"end":{"line":34,"column":16}},"11":{"start":{"line":38,"column":4},"end":{"line":38,"column":32}},"12":{"start":{"line":39,"column":4},"end":{"line":39,"column":16}},"13":{"start":{"line":43,"column":4},"end":{"line":43,"column":37}},"14":{"start":{"line":47,"column":4},"end":{"line":47,"column":75}},"15":{"start":{"line":51,"column":4},"end":{"line":51,"column":21}},"16":{"start":{"line":55,"column":4},"end":{"line":55,"column":24}},"17":{"start":{"line":8,"column":0},"end":{"line":8,"column":22}},"18":{"start":{"line":59,"column":0},"end":{"line":59,"column":31}}},"fnMap":{"0":{"name":"(anonymous_0)","decl":{"start":{"line":12,"column":2},"end":{"line":12,"column":null}},"loc":{"start":{"line":14,"column":29},"end":{"line":17,"column":3}}},"1":{"name":"(anonymous_1)","decl":{"start":{"line":20,"column":9},"end":{"line":20,"column":25}},"loc":{"start":{"line":20,"column":42},"end":{"line":23,"column":3}}},"2":{"name":"(anonymous_2)","decl":{"start":{"line":25,"column":2},"end":{"line":25,"column":16}},"loc":{"start":{"line":25,"column":16},"end":{"line":27,"column":3}}},"3":{"name":"(anonymous_3)","decl":{"start":{"line":26,"column":29},"end":{"line":26,"column":36}},"loc":{"start":{"line":26,"column":40},"end":{"line":26,"column":65}}},"4":{"name":"(anonymous_4)","decl":{"start":{"line":32,"column":9},"end":{"line":32,"column":14}},"loc":{"start":{"line":32,"column":14},"end":{"line":35,"column":3}}},"5":{"name":"(anonymous_5)","decl":{"start":{"line":37,"column":9},"end":{"line":37,"column":15}},"loc":{"start":{"line":37,"column":15},"end":{"line":40,"column":3}}},"6":{"name":"(anonymous_6)","decl":{"start":{"line":42,"column":2},"end":{"line":42,"column":13}},"loc":{"start":{"line":42,"column":13},"end":{"line":44,"column":3}}},"7":{"name":"(anonymous_7)","decl":{"start":{"line":46,"column":2},"end":{"line":46,"column":24}},"loc":{"start":{"line":46,"column":24},"end":{"line":48,"column":3}}},"8":{"name":"(anonymous_8)","decl":{"start":{"line":50,"column":2},"end":{"line":50,"column":9}},"loc":{"start":{"line":50,"column":9},"end":{"line":52,"column":3}}},"9":{"name":"(anonymous_9)","decl":{"start":{"line":54,"column":2},"end":{"line":54,"column":12}},"loc":{"start":{"line":54,"column":12},"end":{"line":56,"column":3}}}},"branchMap":{},"s":{"0":3,"1":23,"2":23,"3":23,"4":23,"5":0,"6":0,"7":0,"8":0,"9":0,"10":0,"11":0,"12":0,"13":0,"14":0,"15":10,"16":10,"17":3,"18":3},"f":{"0":23,"1":0,"2":0,"3":0,"4":0,"5":0,"6":0,"7":0,"8":10,"9":10},"b":{}}
,"C:\\Users\\User\\Downloads\\TrabalhoDesingPatters\\src\\domain\\entities\\Produto.ts": {"path":"C:\\Users\\User\\Downloads\\TrabalhoDesingPatters\\src\\domain\\entities\\Produto.ts","statementMap":{"0":{"start":{"line":9,"column":4},"end":{"line":11,"column":5}},"1":{"start":{"line":10,"column":6},"end":{"line":10,"column":53}},"2":{"start":{"line":12,"column":4},"end":{"line":12,"column":21}},"3":{"start":{"line":13,"column":4},"end":{"line":13,"column":23}},"4":{"start":{"line":17,"column":4},"end":{"line":17,"column":21}},"5":{"start":{"line":21,"column":4},"end":{"line":21,"column":22}},"6":{"start":{"line":25,"column":4},"end":{"line":25,"column":26}},"7":{"start":{"line":29,"column":4},"end":{"line":29,"column":21}},"8":{"start":{"line":30,"column":4},"end":{"line":30,"column":16}},"9":{"start":{"line":34,"column":4},"end":{"line":36,"column":5}},"10":{"start":{"line":35,"column":6},"end":{"line":35,"column":53}},"11":{"start":{"line":37,"column":4},"end":{"line":37,"column":23}},"12":{"start":{"line":38,"column":4},"end":{"line":38,"column":16}},"13":{"start":{"line":42,"column":4},"end":{"line":42,"column":31}},"14":{"start":{"line":43,"column":4},"end":{"line":43,"column":16}},"15":{"start":{"line":47,"column":4},"end":{"line":47,"column":133}},"16":{"start":{"line":3,"column":0},"end":{"line":3,"column":13}}},"fnMap":{"0":{"name":"(anonymous_0)","decl":{"start":{"line":8,"column":2},"end":{"line":8,"column":14}},"loc":{"start":{"line":8,"column":41},"end":{"line":14,"column":3}}},"1":{"name":"(anonymous_1)","decl":{"start":{"line":16,"column":9},"end":{"line":16,"column":16}},"loc":{"start":{"line":16,"column":16},"end":{"line":18,"column":3}}},"2":{"name":"(anonymous_2)","decl":{"start":{"line":20,"column":9},"end":{"line":20,"column":17}},"loc":{"start":{"line":20,"column":17},"end":{"line":22,"column":3}}},"3":{"name":"(anonymous_3)","decl":{"start":{"line":24,"column":9},"end":{"line":24,"column":21}},"loc":{"start":{"line":24,"column":21},"end":{"line":26,"column":3}}},"4":{"name":"(anonymous_4)","decl":{"start":{"line":28,"column":9},"end":{"line":28,"column":16}},"loc":{"start":{"line":28,"column":29},"end":{"line":31,"column":3}}},"5":{"name":"(anonymous_5)","decl":{"start":{"line":33,"column":9},"end":{"line":33,"column":17}},"loc":{"start":{"line":33,"column":31},"end":{"line":39,"column":3}}},"6":{"name":"(anonymous_6)","decl":{"start":{"line":41,"column":9},"end":{"line":41,"column":21}},"loc":{"start":{"line":41,"column":42},"end":{"line":44,"column":3}}},"7":{"name":"(anonymous_7)","decl":{"start":{"line":46,"column":9},"end":{"line":46,"column":17}},"loc":{"start":{"line":46,"column":17},"end":{"line":48,"column":3}}}},"branchMap":{"0":{"loc":{"start":{"line":9,"column":4},"end":{"line":11,"column":5}},"type":"if","locations":[{"start":{"line":9,"column":4},"end":{"line":11,"column":5}}]},"1":{"loc":{"start":{"line":34,"column":4},"end":{"line":36,"column":5}},"type":"if","locations":[{"start":{"line":34,"column":4},"end":{"line":36,"column":5}}]},"2":{"loc":{"start":{"line":47,"column":69},"end":{"line":47,"column":130}},"type":"cond-expr","locations":[{"start":{"line":47,"column":86},"end":{"line":47,"column":112}},{"start":{"line":47,"column":115},"end":{"line":47,"column":130}}]}},"s":{"0":5,"1":1,"2":4,"3":4,"4":1,"5":4,"6":0,"7":0,"8":0,"9":0,"10":0,"11":0,"12":0,"13":0,"14":0,"15":0,"16":1},"f":{"0":5,"1":1,"2":4,"3":0,"4":0,"5":0,"6":0,"7":0},"b":{"0":[1],"1":[0],"2":[0,0]}}
,"C:\\Users\\User\\Downloads\\TrabalhoDesingPatters\\src\\domain\\state\\EstadoEstabelecimento.ts": {"path":"C:\\Users\\User\\Downloads\\TrabalhoDesingPatters\\src\\domain\\state\\EstadoEstabelecimento.ts","statementMap":{"0":{"start":{"line":13,"column":4},"end":{"line":13,"column":20}},"1":{"start":{"line":11,"column":0},"end":{"line":11,"column":13}},"2":{"start":{"line":22,"column":4},"end":{"line":22,"column":21}},"3":{"start":{"line":20,"column":0},"end":{"line":20,"column":13}}},"fnMap":{"0":{"name":"(anonymous_0)","decl":{"start":{"line":12,"column":2},"end":{"line":12,"column":13}},"loc":{"start":{"line":12,"column":13},"end":{"line":14,"column":3}}},"1":{"name":"(anonymous_1)","decl":{"start":{"line":21,"column":2},"end":{"line":21,"column":13}},"loc":{"start":{"line":21,"column":13},"end":{"line":23,"column":3}}}},"branchMap":{},"s":{"0":0,"1":3,"2":0,"3":3},"f":{"0":0,"1":0},"b":{}}
,"C:\\Users\\User\\Downloads\\TrabalhoDesingPatters\\src\\estabelecimentos\\Hamburgueria.ts": {"path":"C:\\Users\\User\\Downloads\\TrabalhoDesingPatters\\src\\estabelecimentos\\Hamburgueria.ts","statementMap":{"0":{"start":{"line":1,"column":0},"end":{"line":1,"column":65}},"1":{"start":{"line":5,"column":4},"end":{"line":5,"column":25}},"2":{"start":{"line":7,"column":4},"end":{"line":9,"column":5}},"3":{"start":{"line":8,"column":6},"end":{"line":8,"column":68}},"4":{"start":{"line":11,"column":4},"end":{"line":13,"column":5}},"5":{"start":{"line":12,"column":6},"end":{"line":12,"column":71}},"6":{"start":{"line":15,"column":18},"end":{"line":15,"column":59}},"7":{"start":{"line":16,"column":18},"end":{"line":16,"column":38}},"8":{"start":{"line":17,"column":4},"end":{"line":19,"column":5}},"9":{"start":{"line":18,"column":6},"end":{"line":18,"column":67}},"10":{"start":{"line":21,"column":45},"end":{"line":21,"column":50}},"11":{"start":{"line":22,"column":23},"end":{"line":22,"column":38}},"12":{"start":{"line":23,"column":22},"end":{"line":23,"column":37}},"13":{"start":{"line":24,"column":20},"end":{"line":24,"column":32}},"14":{"start":{"line":25,"column":19},"end":{"line":25,"column":31}},"15":{"start":{"line":27,"column":4},"end":{"line":34,"column":5}},"16":{"start":{"line":33,"column":6},"end":{"line":33,"column":72}},"17":{"start":{"line":38,"column":4},"end":{"line":38,"column":76}},"18":{"start":{"line":3,"column":0},"end":{"line":3,"column":13}},"19":{"start":{"line":42,"column":0},"end":{"line":42,"column":28}}},"fnMap":{"0":{"name":"(anonymous_1)","decl":{"start":{"line":4,"column":2},"end":{"line":4,"column":14}},"loc":{"start":{"line":4,"column":43},"end":{"line":35,"column":3}}},"1":{"name":"(anonymous_2)","decl":{"start":{"line":37,"column":2},"end":{"line":37,"column":15}},"loc":{"start":{"line":37,"column":15},"end":{"line":39,"column":3}}}},"branchMap":{"0":{"loc":{"start":{"line":7,"column":4},"end":{"line":9,"column":5}},"type":"if","locations":[{"start":{"line":7,"column":4},"end":{"line":9,"column":5}}]},"1":{"loc":{"start":{"line":7,"column":8},"end":{"line":7,"column":35}},"type":"binary-expr","locations":[{"start":{"line":7,"column":8},"end":{"line":7,"column":13}},{"start":{"line":7,"column":17},"end":{"line":7,"column":35}}]},"2":{"loc":{"start":{"line":11,"column":4},"end":{"line":13,"column":5}},"type":"if","locations":[{"start":{"line":11,"column":4},"end":{"line":13,"column":5}}]},"3":{"loc":{"start":{"line":11,"column":8},"end":{"line":11,"column":41}},"type":"binary-expr","locations":[{"start":{"line":11,"column":8},"end":{"line":11,"column":16}},{"start":{"line":11,"column":20},"end":{"line":11,"column":41}}]},"4":{"loc":{"start":{"line":17,"column":4},"end":{"line":19,"column":5}},"type":"if","locations":[{"start":{"line":17,"column":4},"end":{"line":19,"column":5}}]},"5":{"loc":{"start":{"line":27,"column":4},"end":{"line":34,"column":5}},"type":"if","locations":[{"start":{"line":27,"column":4},"end":{"line":34,"column":5}}]},"6":{"loc":{"start":{"line":28,"column":6},"end":{"line":31,"column":31}},"type":"binary-expr","locations":[{"start":{"line":28,"column":6},"end":{"line":28,"column":20}},{"start":{"line":28,"column":24},"end":{"line":28,"column":39}},{"start":{"line":29,"column":6},"end":{"line":29,"column":19}},{"start":{"line":29,"column":23},"end":{"line":29,"column":37}},{"start":{"line":30,"column":6},"end":{"line":30,"column":17}},{"start":{"line":30,"column":21},"end":{"line":30,"column":33}},{"start":{"line":31,"column":6},"end":{"line":31,"column":16}},{"start":{"line":31,"column":20},"end":{"line":31,"column":31}}]}},"s":{"0":3,"1":7,"2":7,"3":2,"4":5,"5":1,"6":4,"7":4,"8":4,"9":1,"10":3,"11":3,"12":3,"13":3,"14":3,"15":3,"16":1,"17":1,"18":3,"19":3},"f":{"0":7,"1":1},"b":{"0":[2],"1":[7,6],"2":[1],"3":[5,4],"4":[1],"5":[1],"6":[3,3,2,2,2,2,2,2]}}
,"C:\\Users\\User\\Downloads\\TrabalhoDesingPatters\\src\\estabelecimentos\\Pizzaria.ts": {"path":"C:\\Users\\User\\Downloads\\TrabalhoDesingPatters\\src\\estabelecimentos\\Pizzaria.ts","statementMap":{"0":{"start":{"line":1,"column":0},"end":{"line":1,"column":65}},"1":{"start":{"line":5,"column":4},"end":{"line":5,"column":25}},"2":{"start":{"line":7,"column":4},"end":{"line":9,"column":5}},"3":{"start":{"line":8,"column":6},"end":{"line":8,"column":68}},"4":{"start":{"line":11,"column":4},"end":{"line":13,"column":5}},"5":{"start":{"line":12,"column":6},"end":{"line":12,"column":71}},"6":{"start":{"line":15,"column":18},"end":{"line":15,"column":59}},"7":{"start":{"line":16,"column":18},"end":{"line":16,"column":38}},"8":{"start":{"line":17,"column":4},"end":{"line":19,"column":5}},"9":{"start":{"line":18,"column":6},"end":{"line":18,"column":67}},"10":{"start":{"line":21,"column":45},"end":{"line":21,"column":50}},"11":{"start":{"line":22,"column":23},"end":{"line":22,"column":38}},"12":{"start":{"line":23,"column":22},"end":{"line":23,"column":37}},"13":{"start":{"line":24,"column":20},"end":{"line":24,"column":32}},"14":{"start":{"line":25,"column":19},"end":{"line":25,"column":31}},"15":{"start":{"line":27,"column":4},"end":{"line":34,"column":5}},"16":{"start":{"line":33,"column":6},"end":{"line":33,"column":72}},"17":{"start":{"line":38,"column":4},"end":{"line":38,"column":72}},"18":{"start":{"line":3,"column":0},"end":{"line":3,"column":13}},"19":{"start":{"line":42,"column":0},"end":{"line":42,"column":24}}},"fnMap":{"0":{"name":"(anonymous_1)","decl":{"start":{"line":4,"column":2},"end":{"line":4,"column":14}},"loc":{"start":{"line":4,"column":43},"end":{"line":35,"column":3}}},"1":{"name":"(anonymous_2)","decl":{"start":{"line":37,"column":2},"end":{"line":37,"column":15}},"loc":{"start":{"line":37,"column":15},"end":{"line":39,"column":3}}}},"branchMap":{"0":{"loc":{"start":{"line":7,"column":4},"end":{"line":9,"column":5}},"type":"if","locations":[{"start":{"line":7,"column":4},"end":{"line":9,"column":5}}]},"1":{"loc":{"start":{"line":7,"column":8},"end":{"line":7,"column":35}},"type":"binary-expr","locations":[{"start":{"line":7,"column":8},"end":{"line":7,"column":13}},{"start":{"line":7,"column":17},"end":{"line":7,"column":35}}]},"2":{"loc":{"start":{"line":11,"column":4},"end":{"line":13,"column":5}},"type":"if","locations":[{"start":{"line":11,"column":4},"end":{"line":13,"column":5}}]},"3":{"loc":{"start":{"line":11,"column":8},"end":{"line":11,"column":41}},"type":"binary-expr","locations":[{"start":{"line":11,"column":8},"end":{"line":11,"column":16}},{"start":{"line":11,"column":20},"end":{"line":11,"column":41}}]},"4":{"loc":{"start":{"line":17,"column":4},"end":{"line":19,"column":5}},"type":"if","locations":[{"start":{"line":17,"column":4},"end":{"line":19,"column":5}}]},"5":{"loc":{"start":{"line":27,"column":4},"end":{"line":34,"column":5}},"type":"if","locations":[{"start":{"line":27,"column":4},"end":{"line":34,"column":5}}]},"6":{"loc":{"start":{"line":28,"column":6},"end":{"line":31,"column":31}},"type":"binary-expr","locations":[{"start":{"line":28,"column":6},"end":{"line":28,"column":20}},{"start":{"line":28,"column":24},"end":{"line":28,"column":39}},{"start":{"line":29,"column":6},"end":{"line":29,"column":19}},{"start":{"line":29,"column":23},"end":{"line":29,"column":37}},{"start":{"line":30,"column":6},"end":{"line":30,"column":17}},{"start":{"line":30,"column":21},"end":{"line":30,"column":33}},{"start":{"line":31,"column":6},"end":{"line":31,"column":16}},{"start":{"line":31,"column":20},"end":{"line":31,"column":31}}]}},"s":{"0":3,"1":8,"2":8,"3":2,"4":6,"5":1,"6":5,"7":5,"8":5,"9":1,"10":4,"11":4,"12":4,"13":4,"14":4,"15":4,"16":2,"17":1,"18":3,"19":3},"f":{"0":8,"1":1},"b":{"0":[2],"1":[8,7],"2":[1],"3":[6,5],"4":[1],"5":[2],"6":[4,4,2,2,2,2,2,2]}}
,"C:\\Users\\User\\Downloads\\TrabalhoDesingPatters\\src\\estabelecimentos\\Restaurante.ts": {"path":"C:\\Users\\User\\Downloads\\TrabalhoDesingPatters\\src\\estabelecimentos\\Restaurante.ts","statementMap":{"0":{"start":{"line":1,"column":0},"end":{"line":1,"column":65}},"1":{"start":{"line":5,"column":4},"end":{"line":5,"column":25}},"2":{"start":{"line":7,"column":4},"end":{"line":9,"column":5}},"3":{"start":{"line":8,"column":6},"end":{"line":8,"column":68}},"4":{"start":{"line":11,"column":4},"end":{"line":13,"column":5}},"5":{"start":{"line":12,"column":6},"end":{"line":12,"column":71}},"6":{"start":{"line":15,"column":18},"end":{"line":15,"column":59}},"7":{"start":{"line":16,"column":18},"end":{"line":16,"column":38}},"8":{"start":{"line":17,"column":4},"end":{"line":19,"column":5}},"9":{"start":{"line":18,"column":6},"end":{"line":18,"column":67}},"10":{"start":{"line":21,"column":45},"end":{"line":21,"column":50}},"11":{"start":{"line":22,"column":23},"end":{"line":22,"column":38}},"12":{"start":{"line":23,"column":22},"end":{"line":23,"column":37}},"13":{"start":{"line":24,"column":20},"end":{"line":24,"column":32}},"14":{"start":{"line":25,"column":19},"end":{"line":25,"column":31}},"15":{"start":{"line":27,"column":4},"end":{"line":34,"column":5}},"16":{"start":{"line":33,"column":6},"end":{"line":33,"column":72}},"17":{"start":{"line":38,"column":4},"end":{"line":38,"column":75}},"18":{"start":{"line":3,"column":0},"end":{"line":3,"column":13}},"19":{"start":{"line":42,"column":0},"end":{"line":42,"column":27}}},"fnMap":{"0":{"name":"(anonymous_1)","decl":{"start":{"line":4,"column":2},"end":{"line":4,"column":14}},"loc":{"start":{"line":4,"column":43},"end":{"line":35,"column":3}}},"1":{"name":"(anonymous_2)","decl":{"start":{"line":37,"column":2},"end":{"line":37,"column":15}},"loc":{"start":{"line":37,"column":15},"end":{"line":39,"column":3}}}},"branchMap":{"0":{"loc":{"start":{"line":7,"column":4},"end":{"line":9,"column":5}},"type":"if","locations":[{"start":{"line":7,"column":4},"end":{"line":9,"column":5}}]},"1":{"loc":{"start":{"line":7,"column":8},"end":{"line":7,"column":35}},"type":"binary-expr","locations":[{"start":{"line":7,"column":8},"end":{"line":7,"column":13}},{"start":{"line":7,"column":17},"end":{"line":7,"column":35}}]},"2":{"loc":{"start":{"line":11,"column":4},"end":{"line":13,"column":5}},"type":"if","locations":[{"start":{"line":11,"column":4},"end":{"line":13,"column":5}}]},"3":{"loc":{"start":{"line":11,"column":8},"end":{"line":11,"column":41}},"type":"binary-expr","locations":[{"start":{"line":11,"column":8},"end":{"line":11,"column":16}},{"start":{"line":11,"column":20},"end":{"line":11,"column":41}}]},"4":{"loc":{"start":{"line":17,"column":4},"end":{"line":19,"column":5}},"type":"if","locations":[{"start":{"line":17,"column":4},"end":{"line":19,"column":5}}]},"5":{"loc":{"start":{"line":27,"column":4},"end":{"line":34,"column":5}},"type":"if","locations":[{"start":{"line":27,"column":4},"end":{"line":34,"column":5}}]},"6":{"loc":{"start":{"line":28,"column":6},"end":{"line":31,"column":31}},"type":"binary-expr","locations":[{"start":{"line":28,"column":6},"end":{"line":28,"column":20}},{"start":{"line":28,"column":24},"end":{"line":28,"column":39}},{"start":{"line":29,"column":6},"end":{"line":29,"column":19}},{"start":{"line":29,"column":23},"end":{"line":29,"column":37}},{"start":{"line":30,"column":6},"end":{"line":30,"column":17}},{"start":{"line":30,"column":21},"end":{"line":30,"column":33}},{"start":{"line":31,"column":6},"end":{"line":31,"column":16}},{"start":{"line":31,"column":20},"end":{"line":31,"column":31}}]}},"s":{"0":3,"1":8,"2":8,"3":2,"4":6,"5":1,"6":5,"7":5,"8":5,"9":1,"10":4,"11":4,"12":4,"13":4,"14":4,"15":4,"16":1,"17":1,"18":3,"19":3},"f":{"0":8,"1":1},"b":{"0":[2],"1":[8,7],"2":[1],"3":[6,5],"4":[1],"5":[1],"6":[4,4,3,3,3,3,3,3]}}
,"C:\\Users\\User\\Downloads\\TrabalhoDesingPatters\\src\\factories\\EstabelecimentoFactory.ts": {"path":"C:\\Users\\User\\Downloads\\TrabalhoDesingPatters\\src\\factories\\EstabelecimentoFactory.ts","statementMap":{"0":{"start":{"line":1,"column":0},"end":{"line":1,"column":60}},"1":{"start":{"line":2,"column":0},"end":{"line":2,"column":52}},"2":{"start":{"line":3,"column":0},"end":{"line":3,"column":58}},"3":{"start":{"line":20,"column":4},"end":{"line":22,"column":5}},"4":{"start":{"line":21,"column":6},"end":{"line":21,"column":68}},"5":{"start":{"line":24,"column":4},"end":{"line":26,"column":5}},"6":{"start":{"line":25,"column":6},"end":{"line":25,"column":42}},"7":{"start":{"line":28,"column":34},"end":{"line":28,"column":53}},"8":{"start":{"line":29,"column":4},"end":{"line":31,"column":5}},"9":{"start":{"line":30,"column":6},"end":{"line":30,"column":69}},"10":{"start":{"line":32,"column":4},"end":{"line":32,"column":52}},"11":{"start":{"line":9,"column":17},"end":{"line":13,"column":4}},"12":{"start":{"line":8,"column":21},"end":{"line":8,"column":null}}},"fnMap":{"0":{"name":"(anonymous_1)","decl":{"start":{"line":15,"column":2},"end":{"line":15,"column":8}},"loc":{"start":{"line":18,"column":19},"end":{"line":33,"column":3}}}},"branchMap":{"0":{"loc":{"start":{"line":20,"column":4},"end":{"line":22,"column":5}},"type":"if","locations":[{"start":{"line":20,"column":4},"end":{"line":22,"column":5}}]},"1":{"loc":{"start":{"line":20,"column":8},"end":{"line":20,"column":35}},"type":"binary-expr","locations":[{"start":{"line":20,"column":8},"end":{"line":20,"column":13}},{"start":{"line":20,"column":17},"end":{"line":20,"column":35}}]},"2":{"loc":{"start":{"line":24,"column":4},"end":{"line":26,"column":5}},"type":"if","locations":[{"start":{"line":24,"column":4},"end":{"line":26,"column":5}}]},"3":{"loc":{"start":{"line":24,"column":8},"end":{"line":24,"column":41}},"type":"binary-expr","locations":[{"start":{"line":24,"column":8},"end":{"line":24,"column":16}},{"start":{"line":24,"column":20},"end":{"line":24,"column":41}}]},"4":{"loc":{"start":{"line":29,"column":4},"end":{"line":31,"column":5}},"type":"if","locations":[{"start":{"line":29,"column":4},"end":{"line":31,"column":5}}]}},"s":{"0":2,"1":2,"2":2,"3":10,"4":3,"5":7,"6":0,"7":7,"8":7,"9":2,"10":5,"11":2,"12":2},"f":{"0":10},"b":{"0":[3],"1":[10,10],"2":[0],"3":[7,7],"4":[2]}}
,"C:\\Users\\User\\Downloads\\TrabalhoDesingPatters\\src\\utils\\CadastrarEstabelecimento.ts": {"path":"C:\\Users\\User\\Downloads\\TrabalhoDesingPatters\\src\\utils\\CadastrarEstabelecimento.ts","statementMap":{"0":{"start":{"line":9,"column":13},"end":{"line":14,"column":2}}},"fnMap":{},"branchMap":{},"s":{"0":1},"f":{},"b":{}}
,"C:\\Users\\User\\Downloads\\TrabalhoDesingPatters\\src\\utils\\CadastrarProduto.ts": {"path":"C:\\Users\\User\\Downloads\\TrabalhoDesingPatters\\src\\utils\\CadastrarProduto.ts","statementMap":{"0":{"start":{"line":1,"column":0},"end":{"line":1,"column":53}},"1":{"start":{"line":3,"column":13},"end":{"line":3,"column":38}},"2":{"start":{"line":5,"column":22},"end":{"line":9,"column":2}},"3":{"start":{"line":11,"column":0},"end":{"line":13,"column":3}},"4":{"start":{"line":12,"column":2},"end":{"line":12,"column":42}}},"fnMap":{"0":{"name":"(anonymous_0)","decl":{"start":{"line":11,"column":22},"end":{"line":11,"column":23}},"loc":{"start":{"line":11,"column":42},"end":{"line":13,"column":1}}}},"branchMap":{},"s":{"0":1,"1":1,"2":1,"3":1,"4":3},"f":{"0":3},"b":{}}
}
