{"C:\\Users\\User\\Downloads\\TrabalhoDesingPatters\\src\\data\\CadastrarProduto.ts": {"path":"C:\\Users\\User\\Downloads\\TrabalhoDesingPatters\\src\\data\\CadastrarProduto.ts","statementMap":{"0":{"start":{"line":1,"column":0},"end":{"line":1,"column":49}},"1":{"start":{"line":3,"column":13},"end":{"line":3,"column":38}},"2":{"start":{"line":5,"column":22},"end":{"line":9,"column":2}},"3":{"start":{"line":11,"column":0},"end":{"line":13,"column":3}},"4":{"start":{"line":12,"column":2},"end":{"line":12,"column":42}}},"fnMap":{"0":{"name":"(anonymous_1)","decl":{"start":{"line":11,"column":22},"end":{"line":11,"column":23}},"loc":{"start":{"line":11,"column":42},"end":{"line":13,"column":1}}}},"branchMap":{},"s":{"0":1,"1":1,"2":1,"3":1,"4":3},"f":{"0":3},"b":{}}
,"C:\\Users\\User\\Downloads\\TrabalhoDesingPatters\\src\\domain\\entities\\Estabelecimento.ts": {"path":"C:\\Users\\User\\Downloads\\TrabalhoDesingPatters\\src\\domain\\entities\\Estabelecimento.ts","statementMap":{"0":{"start":{"line":2,"column":0},"end":{"line":2,"column":88}},"1":{"start":{"line":13,"column":14},"end":{"line":13,"column":26}},"2":{"start":{"line":14,"column":14},"end":{"line":14,"column":29}},"3":{"start":{"line":9,"column":12},"end":{"line":9,"column":37}},"4":{"start":{"line":16,"column":4},"end":{"line":16,"column":31}},"5":{"start":{"line":20,"column":4},"end":{"line":20,"column":32}},"6":{"start":{"line":24,"column":4},"end":{"line":24,"column":67}},"7":{"start":{"line":24,"column":40},"end":{"line":24,"column":65}},"8":{"start":{"line":30,"column":4},"end":{"line":30,"column":31}},"9":{"start":{"line":34,"column":4},"end":{"line":34,"column":32}},"10":{"start":{"line":38,"column":4},"end":{"line":38,"column":37}},"11":{"start":{"line":42,"column":4},"end":{"line":42,"column":75}},"12":{"start":{"line":46,"column":4},"end":{"line":46,"column":21}},"13":{"start":{"line":50,"column":4},"end":{"line":50,"column":24}},"14":{"start":{"line":8,"column":0},"end":{"line":8,"column":22}},"15":{"start":{"line":54,"column":0},"end":{"line":54,"column":31}}},"fnMap":{"0":{"name":"(anonymous_0)","decl":{"start":{"line":12,"column":2},"end":{"line":12,"column":null}},"loc":{"start":{"line":14,"column":29},"end":{"line":17,"column":3}}},"1":{"name":"(anonymous_1)","decl":{"start":{"line":19,"column":2},"end":{"line":19,"column":18}},"loc":{"start":{"line":19,"column":35},"end":{"line":21,"column":3}}},"2":{"name":"(anonymous_2)","decl":{"start":{"line":23,"column":2},"end":{"line":23,"column":16}},"loc":{"start":{"line":23,"column":16},"end":{"line":25,"column":3}}},"3":{"name":"(anonymous_3)","decl":{"start":{"line":24,"column":29},"end":{"line":24,"column":36}},"loc":{"start":{"line":24,"column":40},"end":{"line":24,"column":65}}},"4":{"name":"(anonymous_4)","decl":{"start":{"line":29,"column":2},"end":{"line":29,"column":7}},"loc":{"start":{"line":29,"column":7},"end":{"line":31,"column":3}}},"5":{"name":"(anonymous_5)","decl":{"start":{"line":33,"column":2},"end":{"line":33,"column":8}},"loc":{"start":{"line":33,"column":8},"end":{"line":35,"column":3}}},"6":{"name":"(anonymous_6)","decl":{"start":{"line":37,"column":2},"end":{"line":37,"column":13}},"loc":{"start":{"line":37,"column":13},"end":{"line":39,"column":3}}},"7":{"name":"(anonymous_7)","decl":{"start":{"line":41,"column":2},"end":{"line":41,"column":24}},"loc":{"start":{"line":41,"column":24},"end":{"line":43,"column":3}}},"8":{"name":"(anonymous_8)","decl":{"start":{"line":45,"column":2},"end":{"line":45,"column":9}},"loc":{"start":{"line":45,"column":9},"end":{"line":47,"column":3}}},"9":{"name":"(anonymous_9)","decl":{"start":{"line":49,"column":2},"end":{"line":49,"column":12}},"loc":{"start":{"line":49,"column":12},"end":{"line":51,"column":3}}}},"branchMap":{},"s":{"0":1,"1":3,"2":3,"3":3,"4":3,"5":0,"6":0,"7":0,"8":0,"9":0,"10":0,"11":0,"12":2,"13":1,"14":1,"15":1},"f":{"0":3,"1":0,"2":0,"3":0,"4":0,"5":0,"6":0,"7":0,"8":2,"9":1},"b":{}}
,"C:\\Users\\User\\Downloads\\TrabalhoDesingPatters\\src\\domain\\entities\\Produto.ts": {"path":"C:\\Users\\User\\Downloads\\TrabalhoDesingPatters\\src\\domain\\entities\\Produto.ts","statementMap":{"0":{"start":{"line":8,"column":12},"end":{"line":8,"column":24}},"1":{"start":{"line":9,"column":12},"end":{"line":9,"column":25}},"2":{"start":{"line":11,"column":4},"end":{"line":13,"column":5}},"3":{"start":{"line":12,"column":6},"end":{"line":12,"column":53}},"4":{"start":{"line":17,"column":4},"end":{"line":17,"column":70}},"5":{"start":{"line":21,"column":4},"end":{"line":21,"column":21}},"6":{"start":{"line":25,"column":4},"end":{"line":25,"column":22}},"7":{"start":{"line":6,"column":0},"end":{"line":6,"column":21}}},"fnMap":{"0":{"name":"(anonymous_0)","decl":{"start":{"line":7,"column":2},"end":{"line":7,"column":null}},"loc":{"start":{"line":9,"column":25},"end":{"line":14,"column":3}}},"1":{"name":"(anonymous_1)","decl":{"start":{"line":16,"column":2},"end":{"line":16,"column":10}},"loc":{"start":{"line":16,"column":10},"end":{"line":18,"column":3}}},"2":{"name":"(anonymous_2)","decl":{"start":{"line":20,"column":2},"end":{"line":20,"column":9}},"loc":{"start":{"line":20,"column":9},"end":{"line":22,"column":3}}},"3":{"name":"(anonymous_3)","decl":{"start":{"line":24,"column":2},"end":{"line":24,"column":10}},"loc":{"start":{"line":24,"column":10},"end":{"line":26,"column":3}}}},"branchMap":{"0":{"loc":{"start":{"line":11,"column":4},"end":{"line":13,"column":5}},"type":"if","locations":[{"start":{"line":11,"column":4},"end":{"line":13,"column":5}}]}},"s":{"0":5,"1":5,"2":5,"3":1,"4":0,"5":1,"6":4,"7":1},"f":{"0":5,"1":0,"2":1,"3":4},"b":{"0":[1]}}
,"C:\\Users\\User\\Downloads\\TrabalhoDesingPatters\\src\\domain\\state\\EstadoEstabelecimento.ts": {"path":"C:\\Users\\User\\Downloads\\TrabalhoDesingPatters\\src\\domain\\state\\EstadoEstabelecimento.ts","statementMap":{"0":{"start":{"line":13,"column":4},"end":{"line":13,"column":20}},"1":{"start":{"line":11,"column":0},"end":{"line":11,"column":13}},"2":{"start":{"line":22,"column":4},"end":{"line":22,"column":21}},"3":{"start":{"line":20,"column":0},"end":{"line":20,"column":13}}},"fnMap":{"0":{"name":"(anonymous_0)","decl":{"start":{"line":12,"column":2},"end":{"line":12,"column":13}},"loc":{"start":{"line":12,"column":13},"end":{"line":14,"column":3}}},"1":{"name":"(anonymous_1)","decl":{"start":{"line":21,"column":2},"end":{"line":21,"column":13}},"loc":{"start":{"line":21,"column":13},"end":{"line":23,"column":3}}}},"branchMap":{},"s":{"0":0,"1":1,"2":0,"3":1},"f":{"0":0,"1":0},"b":{}}
,"C:\\Users\\User\\Downloads\\TrabalhoDesingPatters\\src\\estabelecimentos\\Hamburgueria.ts": {"path":"C:\\Users\\User\\Downloads\\TrabalhoDesingPatters\\src\\estabelecimentos\\Hamburgueria.ts","statementMap":{"0":{"start":{"line":1,"column":0},"end":{"line":1,"column":65}},"1":{"start":{"line":8,"column":4},"end":{"line":8,"column":76}},"2":{"start":{"line":6,"column":0},"end":{"line":6,"column":13}},"3":{"start":{"line":12,"column":0},"end":{"line":12,"column":28}}},"fnMap":{"0":{"name":"(anonymous_1)","decl":{"start":{"line":7,"column":2},"end":{"line":7,"column":15}},"loc":{"start":{"line":7,"column":15},"end":{"line":9,"column":3}}}},"branchMap":{},"s":{"0":1,"1":0,"2":1,"3":1},"f":{"0":0},"b":{}}
,"C:\\Users\\User\\Downloads\\TrabalhoDesingPatters\\src\\estabelecimentos\\Pizzaria.ts": {"path":"C:\\Users\\User\\Downloads\\TrabalhoDesingPatters\\src\\estabelecimentos\\Pizzaria.ts","statementMap":{"0":{"start":{"line":1,"column":0},"end":{"line":1,"column":65}},"1":{"start":{"line":8,"column":4},"end":{"line":8,"column":72}},"2":{"start":{"line":6,"column":0},"end":{"line":6,"column":13}},"3":{"start":{"line":12,"column":0},"end":{"line":12,"column":24}}},"fnMap":{"0":{"name":"(anonymous_1)","decl":{"start":{"line":7,"column":2},"end":{"line":7,"column":15}},"loc":{"start":{"line":7,"column":15},"end":{"line":9,"column":3}}}},"branchMap":{},"s":{"0":1,"1":0,"2":1,"3":1},"f":{"0":0},"b":{}}
,"C:\\Users\\User\\Downloads\\TrabalhoDesingPatters\\src\\estabelecimentos\\Restaurante.ts": {"path":"C:\\Users\\User\\Downloads\\TrabalhoDesingPatters\\src\\estabelecimentos\\Restaurante.ts","statementMap":{"0":{"start":{"line":1,"column":0},"end":{"line":1,"column":65}},"1":{"start":{"line":8,"column":4},"end":{"line":8,"column":75}},"2":{"start":{"line":6,"column":0},"end":{"line":6,"column":13}},"3":{"start":{"line":12,"column":0},"end":{"line":12,"column":27}}},"fnMap":{"0":{"name":"(anonymous_1)","decl":{"start":{"line":7,"column":2},"end":{"line":7,"column":15}},"loc":{"start":{"line":7,"column":15},"end":{"line":9,"column":3}}}},"branchMap":{},"s":{"0":1,"1":0,"2":1,"3":1},"f":{"0":0},"b":{}}
,"C:\\Users\\User\\Downloads\\TrabalhoDesingPatters\\src\\factories\\EstabelecimentoFactory.ts": {"path":"C:\\Users\\User\\Downloads\\TrabalhoDesingPatters\\src\\factories\\EstabelecimentoFactory.ts","statementMap":{"0":{"start":{"line":1,"column":0},"end":{"line":1,"column":60}},"1":{"start":{"line":2,"column":0},"end":{"line":2,"column":52}},"2":{"start":{"line":3,"column":0},"end":{"line":3,"column":58}},"3":{"start":{"line":25,"column":4},"end":{"line":34,"column":5}},"4":{"start":{"line":27,"column":8},"end":{"line":27,"column":47}},"5":{"start":{"line":29,"column":8},"end":{"line":29,"column":43}},"6":{"start":{"line":31,"column":8},"end":{"line":31,"column":46}},"7":{"start":{"line":33,"column":8},"end":{"line":33,"column":71}},"8":{"start":{"line":11,"column":0},"end":{"line":11,"column":21}}},"fnMap":{"0":{"name":"(anonymous_1)","decl":{"start":{"line":20,"column":2},"end":{"line":20,"column":8}},"loc":{"start":{"line":23,"column":19},"end":{"line":35,"column":3}}}},"branchMap":{"0":{"loc":{"start":{"line":25,"column":4},"end":{"line":34,"column":5}},"type":"switch","locations":[{"start":{"line":26,"column":6},"end":{"line":27,"column":47}},{"start":{"line":28,"column":6},"end":{"line":29,"column":43}},{"start":{"line":30,"column":6},"end":{"line":31,"column":46}},{"start":{"line":32,"column":6},"end":{"line":33,"column":71}}]}},"s":{"0":1,"1":1,"2":1,"3":4,"4":1,"5":1,"6":1,"7":1,"8":1},"f":{"0":4},"b":{"0":[1,1,1,1]}}
}
