TN:
SF:src\domain\entities\Estabelecimento.ts
FN:12,(anonymous_0)
FN:20,(anonymous_1)
FN:25,(anonymous_2)
FN:26,(anonymous_3)
FN:32,(anonymous_4)
FN:37,(anonymous_5)
FN:42,(anonymous_6)
FN:46,(anonymous_7)
FN:50,(anonymous_8)
FN:54,(anonymous_9)
FNF:10
FNH:3
FNDA:23,(anonymous_0)
FNDA:0,(anonymous_1)
FNDA:0,(anonymous_2)
FNDA:0,(anonymous_3)
FNDA:0,(anonymous_4)
FNDA:0,(anonymous_5)
FNDA:0,(anonymous_6)
FNDA:0,(anonymous_7)
FNDA:10,(anonymous_8)
FNDA:10,(anonymous_9)
DA:2,3
DA:8,3
DA:9,23
DA:13,23
DA:14,23
DA:16,23
DA:21,0
DA:22,0
DA:26,0
DA:33,0
DA:34,0
DA:38,0
DA:39,0
DA:43,0
DA:47,0
DA:51,10
DA:55,10
DA:59,3
LF:18
LH:9
BRF:0
BRH:0
end_of_record
TN:
SF:src\domain\entities\Produto.ts
FN:8,(anonymous_0)
FN:16,(anonymous_1)
FN:20,(anonymous_2)
FN:24,(anonymous_3)
FN:28,(anonymous_4)
FN:33,(anonymous_5)
FN:41,(anonymous_6)
FN:46,(anonymous_7)
FNF:8
FNH:3
FNDA:5,(anonymous_0)
FNDA:1,(anonymous_1)
FNDA:4,(anonymous_2)
FNDA:0,(anonymous_3)
FNDA:0,(anonymous_4)
FNDA:0,(anonymous_5)
FNDA:0,(anonymous_6)
FNDA:0,(anonymous_7)
DA:3,1
DA:9,5
DA:10,1
DA:12,4
DA:13,4
DA:17,1
DA:21,4
DA:25,0
DA:29,0
DA:30,0
DA:34,0
DA:35,0
DA:37,0
DA:38,0
DA:42,0
DA:43,0
DA:47,0
LF:17
LH:7
BRDA:9,0,0,1
BRDA:34,1,0,0
BRDA:47,2,0,0
BRDA:47,2,1,0
BRF:4
BRH:1
end_of_record
TN:
SF:src\domain\state\EstadoEstabelecimento.ts
FN:12,(anonymous_0)
FN:21,(anonymous_1)
FNF:2
FNH:0
FNDA:0,(anonymous_0)
FNDA:0,(anonymous_1)
DA:11,3
DA:13,0
DA:20,3
DA:22,0
LF:4
LH:2
BRF:0
BRH:0
end_of_record
TN:
SF:src\estabelecimentos\Hamburgueria.ts
FN:4,(anonymous_1)
FN:37,(anonymous_2)
FNF:2
FNH:2
FNDA:7,(anonymous_1)
FNDA:1,(anonymous_2)
DA:1,3
DA:3,3
DA:5,7
DA:7,7
DA:8,2
DA:11,5
DA:12,1
DA:15,4
DA:16,4
DA:17,4
DA:18,1
DA:21,3
DA:22,3
DA:23,3
DA:24,3
DA:25,3
DA:27,3
DA:33,1
DA:38,1
DA:42,3
LF:20
LH:20
BRDA:7,0,0,2
BRDA:7,1,0,7
BRDA:7,1,1,6
BRDA:11,2,0,1
BRDA:11,3,0,5
BRDA:11,3,1,4
BRDA:17,4,0,1
BRDA:27,5,0,1
BRDA:28,6,0,3
BRDA:28,6,1,3
BRDA:28,6,2,2
BRDA:28,6,3,2
BRDA:28,6,4,2
BRDA:28,6,5,2
BRDA:28,6,6,2
BRDA:28,6,7,2
BRF:16
BRH:16
end_of_record
TN:
SF:src\estabelecimentos\Pizzaria.ts
FN:4,(anonymous_1)
FN:37,(anonymous_2)
FNF:2
FNH:2
FNDA:8,(anonymous_1)
FNDA:1,(anonymous_2)
DA:1,3
DA:3,3
DA:5,8
DA:7,8
DA:8,2
DA:11,6
DA:12,1
DA:15,5
DA:16,5
DA:17,5
DA:18,1
DA:21,4
DA:22,4
DA:23,4
DA:24,4
DA:25,4
DA:27,4
DA:33,2
DA:38,1
DA:42,3
LF:20
LH:20
BRDA:7,0,0,2
BRDA:7,1,0,8
BRDA:7,1,1,7
BRDA:11,2,0,1
BRDA:11,3,0,6
BRDA:11,3,1,5
BRDA:17,4,0,1
BRDA:27,5,0,2
BRDA:28,6,0,4
BRDA:28,6,1,4
BRDA:28,6,2,2
BRDA:28,6,3,2
BRDA:28,6,4,2
BRDA:28,6,5,2
BRDA:28,6,6,2
BRDA:28,6,7,2
BRF:16
BRH:16
end_of_record
TN:
SF:src\estabelecimentos\Restaurante.ts
FN:4,(anonymous_1)
FN:37,(anonymous_2)
FNF:2
FNH:2
FNDA:8,(anonymous_1)
FNDA:1,(anonymous_2)
DA:1,3
DA:3,3
DA:5,8
DA:7,8
DA:8,2
DA:11,6
DA:12,1
DA:15,5
DA:16,5
DA:17,5
DA:18,1
DA:21,4
DA:22,4
DA:23,4
DA:24,4
DA:25,4
DA:27,4
DA:33,1
DA:38,1
DA:42,3
LF:20
LH:20
BRDA:7,0,0,2
BRDA:7,1,0,8
BRDA:7,1,1,7
BRDA:11,2,0,1
BRDA:11,3,0,6
BRDA:11,3,1,5
BRDA:17,4,0,1
BRDA:27,5,0,1
BRDA:28,6,0,4
BRDA:28,6,1,4
BRDA:28,6,2,3
BRDA:28,6,3,3
BRDA:28,6,4,3
BRDA:28,6,5,3
BRDA:28,6,6,3
BRDA:28,6,7,3
BRF:16
BRH:16
end_of_record
TN:
SF:src\factories\EstabelecimentoFactory.ts
FN:15,(anonymous_1)
FNF:1
FNH:1
FNDA:10,(anonymous_1)
DA:1,2
DA:2,2
DA:3,2
DA:8,2
DA:9,2
DA:20,10
DA:21,3
DA:24,7
DA:25,0
DA:28,7
DA:29,7
DA:30,2
DA:32,5
LF:13
LH:12
BRDA:20,0,0,3
BRDA:20,1,0,10
BRDA:20,1,1,10
BRDA:24,2,0,0
BRDA:24,3,0,7
BRDA:24,3,1,7
BRDA:29,4,0,2
BRF:7
BRH:6
end_of_record
TN:
SF:src\utils\CadastrarEstabelecimento.ts
FNF:0
FNH:0
DA:9,1
LF:1
LH:1
BRF:0
BRH:0
end_of_record
TN:
SF:src\utils\CadastrarProduto.ts
FN:11,(anonymous_0)
FNF:1
FNH:1
FNDA:3,(anonymous_0)
DA:1,1
DA:3,1
DA:5,1
DA:11,1
DA:12,3
LF:5
LH:5
BRF:0
BRH:0
end_of_record
